Removed Pin From Net: NetName=GND Pin=C1-1
Removed Pin From Net: NetName=VCC3P7 Pin=C1-2
Removed Pin From Net: NetName=GND Pin=C2-1
Removed Pin From Net: NetName=3P3 Pin=C2-2
Change Component Footprint: Designator=C1 Old Footprint=RAD-0.3 New Footprint=HDR1X2
Change Component Footprint: Designator=C2 Old Footprint=RAD-0.3 New Footprint=HDR1X2
Change Component Comment : Designator=C1 Old Comment=Cap New Comment=10uF
Change Component Comment : Designator=C2 Old Comment=Cap New Comment=10uF
Change component parameters: Designator = "C1"; Footprint = "HDR1X2"; UniqueID = "\RJHVETLN"
Change component parameters. Clean all parameters for all variants
Change component parameters (AddParameter): Name = "LatestRevisionDate"; Value = "17-Jul-2002"; VariantName = "[No Variations]"
Change component parameters (AddParameter): Name = "LatestRevisionNote"; Value = "Re-released for DXP Platform."; VariantName = "[No Variations]"
Change component parameters (AddParameter): Name = "Publisher"; Value = "Altium Limited"; VariantName = "[No Variations]"
Change component parameters: Designator = "C2"; Footprint = "HDR1X2"; UniqueID = "\EITHTLQB"
Change component parameters. Clean all parameters for all variants
Change component parameters (AddParameter): Name = "LatestRevisionDate"; Value = "17-Jul-2002"; VariantName = "[No Variations]"
Change component parameters (AddParameter): Name = "LatestRevisionNote"; Value = "Re-released for DXP Platform."; VariantName = "[No Variations]"
Change component parameters (AddParameter): Name = "Publisher"; Value = "Altium Limited"; VariantName = "[No Variations]"
Added Pin To Net: NetName=VCC3P7 Pin=C1-1
Added Pin To Net: NetName=GND Pin=C1-2
Added Pin To Net: NetName=3P3 Pin=C2-1
Added Pin To Net: NetName=GND Pin=C2-2
