Added Component: Designator=C1(CAPR5-4X5)
Add component. Clean all parameters for all variants
Add component (AddParameter): Name = "PackageDescription"; Value = "Capacitor; 2 Leads"; VariantName = "[No Variations]"
Add component (AddParameter): Name = "PackageReference"; Value = "CAPR5-4X5"; VariantName = "[No Variations]"
Add component (AddParameter): Name = "Published"; Value = "23-Sep-2002"; VariantName = "[No Variations]"
Add component (AddParameter): Name = "Publisher"; Value = "Altium Limited"; VariantName = "[No Variations]"
Add component (AddParameter): Name = "Value"; Value = "33pF"; VariantName = "[No Variations]"
Added Component: Designator=C2(CAPR5-4X5)
Add component. Clean all parameters for all variants
Add component (AddParameter): Name = "PackageDescription"; Value = "Capacitor; 2 Leads"; VariantName = "[No Variations]"
Add component (AddParameter): Name = "PackageReference"; Value = "CAPR5-4X5"; VariantName = "[No Variations]"
Add component (AddParameter): Name = "Published"; Value = "23-Sep-2002"; VariantName = "[No Variations]"
Add component (AddParameter): Name = "Publisher"; Value = "Altium Limited"; VariantName = "[No Variations]"
Add component (AddParameter): Name = "Value"; Value = "10pF"; VariantName = "[No Variations]"
Added Component: Designator=C3(CAPR5-4X5)
Add component. Clean all parameters for all variants
Add component (AddParameter): Name = "PackageDescription"; Value = "Capacitor; 2 Leads"; VariantName = "[No Variations]"
Add component (AddParameter): Name = "PackageReference"; Value = "CAPR5-4X5"; VariantName = "[No Variations]"
Add component (AddParameter): Name = "Published"; Value = "23-Sep-2002"; VariantName = "[No Variations]"
Add component (AddParameter): Name = "Publisher"; Value = "Altium Limited"; VariantName = "[No Variations]"
Add component (AddParameter): Name = "Value"; Value = "33pF"; VariantName = "[No Variations]"
Added Component: Designator=C4(CAPR5-4X5)
Add component. Clean all parameters for all variants
Add component (AddParameter): Name = "PackageDescription"; Value = "Capacitor; 2 Leads"; VariantName = "[No Variations]"
Add component (AddParameter): Name = "PackageReference"; Value = "CAPR5-4X5"; VariantName = "[No Variations]"
Add component (AddParameter): Name = "Published"; Value = "23-Sep-2002"; VariantName = "[No Variations]"
Add component (AddParameter): Name = "Publisher"; Value = "Altium Limited"; VariantName = "[No Variations]"
Add component (AddParameter): Name = "Value"; Value = "10pF"; VariantName = "[No Variations]"
Added Component: Designator=C5(CAPR5-4X5)
Add component. Clean all parameters for all variants
Add component (AddParameter): Name = "PackageDescription"; Value = "Capacitor; 2 Leads"; VariantName = "[No Variations]"
Add component (AddParameter): Name = "PackageReference"; Value = "CAPR5-4X5"; VariantName = "[No Variations]"
Add component (AddParameter): Name = "Published"; Value = "23-Sep-2002"; VariantName = "[No Variations]"
Add component (AddParameter): Name = "Publisher"; Value = "Altium Limited"; VariantName = "[No Variations]"
Add component (AddParameter): Name = "Value"; Value = "33pF"; VariantName = "[No Variations]"
Added Component: Designator=C6(CAPR5-4X5)
Add component. Clean all parameters for all variants
Add component (AddParameter): Name = "PackageDescription"; Value = "Capacitor; 2 Leads"; VariantName = "[No Variations]"
Add component (AddParameter): Name = "PackageReference"; Value = "CAPR5-4X5"; VariantName = "[No Variations]"
Add component (AddParameter): Name = "Published"; Value = "23-Sep-2002"; VariantName = "[No Variations]"
Add component (AddParameter): Name = "Publisher"; Value = "Altium Limited"; VariantName = "[No Variations]"
Add component (AddParameter): Name = "Value"; Value = "10pF"; VariantName = "[No Variations]"
Added Component: Designator=D1(DIODE-0.7)
Add component. Clean all parameters for all variants
Add component (AddParameter): Name = "LatestRevisionDate"; Value = "17-Jul-2002"; VariantName = "[No Variations]"
Add component (AddParameter): Name = "LatestRevisionNote"; Value = "Re-released for DXP Platform."; VariantName = "[No Variations]"
Add component (AddParameter): Name = "PackageDescription"; Value = "Diode, Thru-Hole; 2 Leads; 0.7 in Pin Spacing"; VariantName = "[No Variations]"
Add component (AddParameter): Name = "PackageReference"; Value = "DIODE-0.7"; VariantName = "[No Variations]"
Add component (AddParameter): Name = "Published"; Value = "8-Jun-2000"; VariantName = "[No Variations]"
Add component (AddParameter): Name = "Publisher"; Value = "Altium Limited"; VariantName = "[No Variations]"
Added Component: Designator=D2(DIODE-0.7)
Add component. Clean all parameters for all variants
Add component (AddParameter): Name = "LatestRevisionDate"; Value = "17-Jul-2002"; VariantName = "[No Variations]"
Add component (AddParameter): Name = "LatestRevisionNote"; Value = "Re-released for DXP Platform."; VariantName = "[No Variations]"
Add component (AddParameter): Name = "PackageDescription"; Value = "Diode, Thru-Hole; 2 Leads; 0.7 in Pin Spacing"; VariantName = "[No Variations]"
Add component (AddParameter): Name = "PackageReference"; Value = "DIODE-0.7"; VariantName = "[No Variations]"
Add component (AddParameter): Name = "Published"; Value = "8-Jun-2000"; VariantName = "[No Variations]"
Add component (AddParameter): Name = "Publisher"; Value = "Altium Limited"; VariantName = "[No Variations]"
Added Component: Designator=P1(HDR1X3)
Add component. Clean all parameters for all variants
Add component (AddParameter): Name = "LatestRevisionDate"; Value = "17-Jul-2002"; VariantName = "[No Variations]"
Add component (AddParameter): Name = "LatestRevisionNote"; Value = "Re-released for DXP Platform."; VariantName = "[No Variations]"
Add component (AddParameter): Name = "Publisher"; Value = "Altium Limited"; VariantName = "[No Variations]"
Added Component: Designator=P2(HDR1X2)
Add component. Clean all parameters for all variants
Add component (AddParameter): Name = "LatestRevisionDate"; Value = "17-Jul-2002"; VariantName = "[No Variations]"
Add component (AddParameter): Name = "LatestRevisionNote"; Value = "Re-released for DXP Platform."; VariantName = "[No Variations]"
Add component (AddParameter): Name = "Publisher"; Value = "Altium Limited"; VariantName = "[No Variations]"
Added Component: Designator=P4(HDR1X3)
Add component. Clean all parameters for all variants
Add component (AddParameter): Name = "LatestRevisionDate"; Value = "17-Jul-2002"; VariantName = "[No Variations]"
Add component (AddParameter): Name = "LatestRevisionNote"; Value = "Re-released for DXP Platform."; VariantName = "[No Variations]"
Add component (AddParameter): Name = "Publisher"; Value = "Altium Limited"; VariantName = "[No Variations]"
Added Component: Designator=P7(HDR1X3)
Add component. Clean all parameters for all variants
Add component (AddParameter): Name = "LatestRevisionDate"; Value = "17-Jul-2002"; VariantName = "[No Variations]"
Add component (AddParameter): Name = "LatestRevisionNote"; Value = "Re-released for DXP Platform."; VariantName = "[No Variations]"
Add component (AddParameter): Name = "Publisher"; Value = "Altium Limited"; VariantName = "[No Variations]"
Added Pin To Net: NetName=P1 Pin=C1-1
Added Pin To Net: NetName=GND Pin=C1-2
Added Pin To Net: NetName=P1 Pin=C2-1
Added Pin To Net: NetName=GND Pin=C2-2
Added Pin To Net: NetName=P1 Pin=C3-1
Added Pin To Net: NetName=P2 Pin=C3-2
Added Pin To Net: NetName=P1 Pin=C4-1
Added Pin To Net: NetName=P2 Pin=C4-2
Added Pin To Net: NetName=P2 Pin=C5-1
Added Pin To Net: NetName=GND Pin=C5-2
Added Pin To Net: NetName=P2 Pin=C6-1
Added Pin To Net: NetName=GND Pin=C6-2
Added Pin To Net: NetName=GND Pin=D1-1
Added Pin To Net: NetName=P1 Pin=D1-2
Added Pin To Net: NetName=GND Pin=D2-1
Added Pin To Net: NetName=P2 Pin=D2-2
Added Pin To Net: NetName=GND Pin=P1-1
Added Pin To Net: NetName=P1 Pin=P1-2
Added Pin To Net: NetName=P2 Pin=P1-3
Added Pin To Net: NetName=P1 Pin=P2-1
Added Pin To Net: NetName=P2 Pin=P2-2
Added Pin To Net: NetName=GND Pin=P4-1
Added Pin To Net: NetName=MIC2P Pin=P4-2
Added Pin To Net: NetName=MIC2N Pin=P4-3
Added Pin To Net: NetName=GND Pin=P7-1
Added Pin To Net: NetName=LOUDSPKN Pin=P7-2
Added Pin To Net: NetName=LOUDSPKP Pin=P7-3
Added Member To Class: ClassName=TarjetaMicrofono Member=Component C1 Cap2
Added Member To Class: ClassName=TarjetaMicrofono Member=Component C2 Cap2
Added Member To Class: ClassName=TarjetaMicrofono Member=Component C3 Cap2
Added Member To Class: ClassName=TarjetaMicrofono Member=Component C4 Cap2
Added Member To Class: ClassName=TarjetaMicrofono Member=Component C5 Cap2
Added Member To Class: ClassName=TarjetaMicrofono Member=Component C6 Cap2
Added Member To Class: ClassName=TarjetaMicrofono Member=Component D1 IN4737A
Added Member To Class: ClassName=TarjetaMicrofono Member=Component D2 IN4737A
Added Member To Class: ClassName=TarjetaMicrofono Member=Component P1 Header 3
Added Member To Class: ClassName=TarjetaMicrofono Member=Component P2 Header 2
Added Member To Class: ClassName=TarjetaModulo Member=Component P4 Header 3
Added Member To Class: ClassName=TarjetaModulo Member=Component P7 Header 3
Added Room: Name=TarjetaMicrofono
Added Room: Name=TarjetaModulo
